[debug] [2020-06-20T08:07:30.840Z] ----------------------------------------------------------------------
[debug] [2020-06-20T08:07:30.842Z] Command:       /usr/local/bin/node /Users/GocubeTechnology/npm-global/bin/firebase init
[debug] [2020-06-20T08:07:30.843Z] CLI Version:   8.4.3
[debug] [2020-06-20T08:07:30.843Z] Platform:      darwin
[debug] [2020-06-20T08:07:30.843Z] Node Version:  v10.15.0
[debug] [2020-06-20T08:07:30.844Z] Time:          Sat Jun 20 2020 13:37:30 GMT+0530 (India Standard Time)
[debug] [2020-06-20T08:07:30.844Z] ----------------------------------------------------------------------
[debug] [2020-06-20T08:07:30.844Z] 
[debug] [2020-06-20T08:07:30.855Z] > command requires scopes: ["email","openid","https://www.googleapis.com/auth/cloudplatformprojects.readonly","https://www.googleapis.com/auth/firebase","https://www.googleapis.com/auth/cloud-platform"]
[debug] [2020-06-20T08:07:30.855Z] > authorizing via signed-in user
[info] 
     ######## #### ########  ######## ########     ###     ######  ########
     ##        ##  ##     ## ##       ##     ##  ##   ##  ##       ##
     ######    ##  ########  ######   ########  #########  ######  ######
     ##        ##  ##    ##  ##       ##     ## ##     ##       ## ##
     ##       #### ##     ## ######## ########  ##     ##  ######  ########

You're about to initialize a Firebase project in this directory:

  /Users/GocubeTechnology/Documents/future-innovators

[info] 
=== Project Setup
[info] 
[info] First, let's associate this project directory with a Firebase project.
[info] You can create multiple project aliases by running firebase use --add, 
[info] but for now we'll just set up a default project.
[info] 
[info] i  If you want to create a project in a Google Cloud organization or folder, please use "firebase projects:create" instead, and return to this command when you've created the project. 
[debug] [2020-06-20T08:07:49.521Z] >>> HTTP REQUEST POST https://cloudresourcemanager.googleapis.com/v1/projects  
 {"projectId":"futureinnovators","name":"futureinnovators"}
[debug] [2020-06-20T08:07:51.472Z] <<< HTTP RESPONSE 200 {"content-type":"application/json; charset=UTF-8","vary":"X-Origin, Referer, Origin,Accept-Encoding","date":"Sat, 20 Jun 2020 08:07:51 GMT","server":"ESF","cache-control":"private","x-xss-protection":"0","x-frame-options":"SAMEORIGIN","x-content-type-options":"nosniff","server-timing":"gfet4t7; dur=1578","alt-svc":"h3-28=\":443\"; ma=2592000,h3-27=\":443\"; ma=2592000,h3-25=\":443\"; ma=2592000,h3-T050=\":443\"; ma=2592000,h3-Q050=\":443\"; ma=2592000,h3-Q049=\":443\"; ma=2592000,h3-Q048=\":443\"; ma=2592000,h3-Q046=\":443\"; ma=2592000,h3-Q043=\":443\"; ma=2592000,quic=\":443\"; ma=2592000; v=\"46,43\"","accept-ranges":"none","transfer-encoding":"chunked"}
[debug] [2020-06-20T08:07:51.476Z] >>> HTTP REQUEST GET https://cloudresourcemanager.googleapis.com/v1/operations/cp.7333171065505408330  
 
[debug] [2020-06-20T08:07:53.310Z] <<< HTTP RESPONSE 200 {"content-type":"application/json; charset=UTF-8","vary":"X-Origin, Referer, Origin,Accept-Encoding","date":"Sat, 20 Jun 2020 08:07:53 GMT","server":"ESF","cache-control":"private","x-xss-protection":"0","x-frame-options":"SAMEORIGIN","x-content-type-options":"nosniff","server-timing":"gfet4t7; dur=1579","alt-svc":"h3-28=\":443\"; ma=2592000,h3-27=\":443\"; ma=2592000,h3-25=\":443\"; ma=2592000,h3-T050=\":443\"; ma=2592000,h3-Q050=\":443\"; ma=2592000,h3-Q049=\":443\"; ma=2592000,h3-Q048=\":443\"; ma=2592000,h3-Q046=\":443\"; ma=2592000,h3-Q043=\":443\"; ma=2592000,quic=\":443\"; ma=2592000; v=\"46,43\"","accept-ranges":"none","transfer-encoding":"chunked"}
[debug] [2020-06-20T08:07:53.316Z] FirebaseError: Callers must accept Terms of Service
    at OperationPoller.<anonymous> (/Users/GocubeTechnology/npm-global/lib/node_modules/firebase-tools/lib/operation-poller.js:32:23)
    at Generator.next (<anonymous>)
    at fulfilled (/Users/GocubeTechnology/npm-global/lib/node_modules/firebase-tools/lib/operation-poller.js:5:58)
    at process._tickCallback (internal/process/next_tick.js:68:7)
[error] 
[error] Error: Failed to create project. See firebase-debug.log for more info.
